<?xml version="1.0" encoding="UTF-8" ?>
<testsuites>
<testsuite name="OrderDetails module: Create dummy records" errors="0" tests="12" failures="0" time="3.398" timestamp="2015-10-07T11:20:38">
  <testcase classname="OrderDetails module: Create dummy records" name="Login" time="2.437"></testcase>
  <testcase classname="OrderDetails module: Create dummy records" name="Create address records" time="0.335"></testcase>
  <testcase classname="OrderDetails module: Create dummy records" name="Create Priority records" time="0.061"></testcase>
  <testcase classname="OrderDetails module: Create dummy records" name="Create order list records" time="0.083"></testcase>
  <testcase classname="OrderDetails module: Create dummy records" name="Create contact records" time="0.068"></testcase>
  <testcase classname="OrderDetails module: Create dummy records" name="Create workordercontact records" time="0.066"></testcase>
  <testcase classname="OrderDetails module: Create dummy records" name="Create material records" time="0.058"></testcase>
  <testcase classname="OrderDetails module: Create dummy records" name="Create task records" time="0.067"></testcase>
  <testcase classname="OrderDetails module: Create dummy records" name="Create workordermaterial records" time="0.061"></testcase>
  <testcase classname="OrderDetails module: Create dummy records" name="Create asset records" time="0.071"></testcase>
  <testcase classname="OrderDetails module: Create dummy records" name="Create stop watch records" time="0.033"></testcase>
  <testcase classname="OrderDetails module: Create dummy records" name="Create OrderAsset records" time="0.058"></testcase>
</testsuite>
</testsuites>