<?xml version="1.0" encoding="UTF-8" ?>
<testsuites>
<testsuite name="OrderExecution module: Load database, i18n" errors="0" tests="2" failures="0" time="0.408" timestamp="2015-10-07T11:20:43">
  <testcase classname="OrderExecution module: Load database, i18n" name="Load DB file" time="0.316"></testcase>
  <testcase classname="OrderExecution module: Load database, i18n" name="Load i18n file" time="0.091"></testcase>
</testsuite>
</testsuites>