<?xml version="1.0" encoding="UTF-8" ?>
<testsuites>
<testsuite name="OrderList module: Load database, i18n" errors="0" tests="2" failures="0" time="0.413" timestamp="2015-10-07T11:20:47">
  <testcase classname="OrderList module: Load database, i18n" name="Load DB file" time="0.318"></testcase>
  <testcase classname="OrderList module: Load database, i18n" name="Load i18n file" time="0.095"></testcase>
</testsuite>
</testsuites>