<?xml version="1.0" encoding="UTF-8" ?>
<testsuites>
<testsuite name="OrderExecution module: Controller extension valid cases" errors="0" tests="9" failures="0" time="1.32" timestamp="2015-10-07T11:20:46">
  <testcase classname="OrderExecution module: Controller extension valid cases" name="Login" time="0.895"></testcase>
  <testcase classname="OrderExecution module: Controller extension valid cases" name="Contact Details P0 test case" time="0.033"></testcase>
  <testcase classname="OrderExecution module: Controller extension valid cases" name="Task Execution : Validate that data displayed is of same task selected" time="0.091"></testcase>
  <testcase classname="OrderExecution module: Controller extension valid cases" name="Task Execution : Validate that the tasks cannot be started till the work order status is chnaged to started" time="0.002"></testcase>
  <testcase classname="OrderExecution module: Controller extension valid cases" name="Task Execution : Validate that the tasks cannot be started if the work order status is on hold" time="0.002"></testcase>
  <testcase classname="OrderExecution module: Controller extension valid cases" name="Task Execution : Validate that the user is able to view the most important info in task execution header section" time="0.002"></testcase>
  <testcase classname="OrderExecution module: Controller extension valid cases" name="Task Execution : Validate that the user is able to toggle status to started/paused" time="0.07"></testcase>
  <testcase classname="OrderExecution module: Controller extension valid cases" name="Order Execution : Validate that data displayed on the Order Execution Screen" time="0.092"></testcase>
  <testcase classname="OrderExecution module: Controller extension valid cases" name="Order Execution : Clicking on On Route" time="0.133"></testcase>
</testsuite>
</testsuites>