<?xml version="1.0" encoding="UTF-8" ?>
<testsuites>
<testsuite name="OrderExecution module: Create dummy records" errors="0" tests="12" failures="0" time="2.291" timestamp="2015-10-07T11:20:43">
  <testcase classname="OrderExecution module: Create dummy records" name="Login" time="1.449"></testcase>
  <testcase classname="OrderExecution module: Create dummy records" name="Create address records" time="0.173"></testcase>
  <testcase classname="OrderExecution module: Create dummy records" name="Create Priority records" time="0.074"></testcase>
  <testcase classname="OrderExecution module: Create dummy records" name="Create order list records" time="0.075"></testcase>
  <testcase classname="OrderExecution module: Create dummy records" name="Create contact records" time="0.067"></testcase>
  <testcase classname="OrderExecution module: Create dummy records" name="Create workordercontact records" time="0.055"></testcase>
  <testcase classname="OrderExecution module: Create dummy records" name="Create material records" time="0.068"></testcase>
  <testcase classname="OrderExecution module: Create dummy records" name="Create task records" time="0.069"></testcase>
  <testcase classname="OrderExecution module: Create dummy records" name="Create workordermaterial records" time="0.074"></testcase>
  <testcase classname="OrderExecution module: Create dummy records" name="Create asset records" time="0.069"></testcase>
  <testcase classname="OrderExecution module: Create dummy records" name="Create stop watch records" time="0.05"></testcase>
  <testcase classname="OrderExecution module: Create dummy records" name="Create OrderAsset records" time="0.067"></testcase>
</testsuite>
</testsuites>