<?xml version="1.0" encoding="UTF-8" ?>
<testsuites>
<testsuite name="OrderDetails module: Controller extension valid cases" errors="0" tests="3" failures="0" time="1.249" timestamp="2015-10-07T11:20:42">
  <testcase classname="OrderDetails module: Controller extension valid cases" name="Login" time="0.866"></testcase>
  <testcase classname="OrderDetails module: Controller extension valid cases" name="Order Details P0 test case" time="0.348"></testcase>
  <testcase classname="OrderDetails module: Controller extension valid cases" name="Task Details P0 test case" time="0.035"></testcase>
</testsuite>
</testsuites>